<?xml version="1.0" encoding="UTF-8"?>
<!-- Generated by org.testng.reporters.JUnitReportReporter -->
<testsuite hostname="usnycpww4255.global.publicisgroupe.net" name="citi.thankyou.PlpPages" tests="1" failures="0" timestamp="31 May 2016 21:27:38 GMT" time="43.100" errors="0">
  <testcase name="beforeClass" time="43.100" classname="citi.thankyou.PlpPages"/>
</testsuite> <!-- citi.thankyou.PlpPages -->
