<?xml version="1.0" encoding="UTF-8"?>
<!-- Generated by org.testng.reporters.JUnitReportReporter -->
<testsuite hostname="usnycpww4255.global.publicisgroupe.net" name="citi.thankyou.PlpPages" tests="1" failures="0" timestamp="3 Jun 2016 16:28:44 GMT" time="42.336" errors="0">
  <testcase name="beforeClass" time="42.336" classname="citi.thankyou.PlpPages"/>
</testsuite> <!-- citi.thankyou.PlpPages -->
