<?xml version="1.0" encoding="UTF-8"?>
<!-- Generated by org.testng.reporters.JUnitReportReporter -->
<testsuite hostname="usnycpww4255.global.publicisgroupe.net" name="citi.thankyou.PlpPages" tests="2" failures="0" timestamp="31 May 2016 19:57:54 GMT" time="55.890" errors="0">
  <testcase name="beforeClass" time="55.890" classname="citi.thankyou.PlpPages"/>
  <testcase name="f" time="0.000" classname="citi.thankyou.PlpPages"/>
</testsuite> <!-- citi.thankyou.PlpPages -->
